<?xml version="1.0" encoding="UTF-8"?>
<testng-results skipped="0" failed="0" ignored="0" total="2" passed="2">
  <reporter-output>
  </reporter-output>
  <suite name="Default suite" duration-ms="8029" started-at="2018-11-29T06:36:01Z" finished-at="2018-11-29T06:36:09Z">
    <groups>
    </groups>
    <test name="Default test" duration-ms="8029" started-at="2018-11-29T06:36:01Z" finished-at="2018-11-29T06:36:09Z">
      <class name="rough.HittingFirstApi">
        <test-method status="PASS" signature="exportToDoc()[pri:0, instance:rough.HittingFirstApi@cc285f4]" name="exportToDoc" duration-ms="4370" started-at="2018-11-29T06:36:01Z" finished-at="2018-11-29T06:36:06Z">
          <reporter-output>
          </reporter-output>
        </test-method> <!-- exportToDoc -->
        <test-method status="PASS" signature="exportTopdf()[pri:0, instance:rough.HittingFirstApi@cc285f4]" name="exportTopdf" duration-ms="3639" started-at="2018-11-29T06:36:06Z" finished-at="2018-11-29T06:36:09Z">
          <reporter-output>
          </reporter-output>
        </test-method> <!-- exportTopdf -->
      </class> <!-- rough.HittingFirstApi -->
    </test> <!-- Default test -->
  </suite> <!-- Default suite -->
</testng-results>
