<?xml version="1.0" encoding="UTF-8"?>
<testng-results skipped="0" failed="0" ignored="0" total="1" passed="1">
  <reporter-output>
  </reporter-output>
  <suite name="Default suite" duration-ms="4489" started-at="2018-11-14T10:49:42Z" finished-at="2018-11-14T10:49:47Z">
    <groups>
    </groups>
    <test name="Default test" duration-ms="4489" started-at="2018-11-14T10:49:42Z" finished-at="2018-11-14T10:49:47Z">
      <class name="rough.HittingFirstApi">
        <test-method status="PASS" signature="verfyApiRestAssured()[pri:0, instance:rough.HittingFirstApi@39aeed2f]" name="verfyApiRestAssured" duration-ms="4472" started-at="2018-11-14T10:49:42Z" finished-at="2018-11-14T10:49:47Z">
          <reporter-output>
          </reporter-output>
        </test-method> <!-- verfyApiRestAssured -->
      </class> <!-- rough.HittingFirstApi -->
    </test> <!-- Default test -->
  </suite> <!-- Default suite -->
</testng-results>
